[Licensing::Module] Trying to connect to existing licensing client channel...
[Licensing::IpcConnector] Successfully connected to: "LicenseClient-Andoryu" at "2026-05-16T10:26:38.3108696Z"
Built from '6000.2/staging' branch; Version is '6000.2.2f1 (ea398eefe1c2) revision 15350158'; Using compiler version '194234433'; Build Type 'Release'
OS: 'Windows 11  (10.0.26200) 64bit Core' Language: 'en' Physical Memory: 32597 MB
BatchMode: 1, IsHumanControllingUs: 0, StartBugReporterOnCrash: 0, Is64bit: 1
Date: 2026-05-16T10:26:38Z

COMMAND LINE ARGUMENTS:
C:\Program Files\Unity\Hub\Editor\6000.2.2f1\Editor\Unity.exe
-adb2
-batchMode
-noUpm
-name
AssetImportWorker7
-projectPath
C:/Users/Andoryu/Downloads/Pathogen
-logFile
Logs/AssetImportWorker7.log
-srvPort
61090
-licensingIpc
LicenseClient-Andoryu
-job-worker-count
9
-background-job-worker-count
8
-gc-helper-count
1
-name
AssetImport
Successfully changed project path to: C:/Users/Andoryu/Downloads/Pathogen
C:/Users/Andoryu/Downloads/Pathogen
[UnityMemory] Configuration Parameters - Can be set up in boot.config
    "memorysetup-allocator-temp-initial-block-size-main=262144"
    "memorysetup-allocator-temp-initial-block-size-worker=262144"
    "memorysetup-bucket-allocator-granularity=16"
    "memorysetup-bucket-allocator-bucket-count=8"
    "memorysetup-bucket-allocator-block-size=33554432"
    "memorysetup-bucket-allocator-block-count=8"
    "memorysetup-main-allocator-block-size=16777216"
    "memorysetup-thread-allocator-block-size=16777216"
    "memorysetup-gfx-main-allocator-block-size=16777216"
    "memorysetup-gfx-thread-allocator-block-size=16777216"
    "memorysetup-cache-allocator-block-size=4194304"
    "memorysetup-typetree-allocator-block-size=2097152"
    "memorysetup-profiler-bucket-allocator-granularity=16"
    "memorysetup-profiler-bucket-allocator-bucket-count=8"
    "memorysetup-profiler-bucket-allocator-block-size=33554432"
    "memorysetup-profiler-bucket-allocator-block-count=8"
    "memorysetup-profiler-allocator-block-size=16777216"
    "memorysetup-profiler-editor-allocator-block-size=1048576"
    "memorysetup-temp-allocator-size-main=16777216"
    "memorysetup-job-temp-allocator-block-size=2097152"
    "memorysetup-job-temp-allocator-block-size-background=1048576"
    "memorysetup-job-temp-allocator-reduction-small-platforms=262144"
    "memorysetup-temp-allocator-size-background-worker=32768"
    "memorysetup-temp-allocator-size-job-worker=262144"
    "memorysetup-temp-allocator-size-preload-manager=33554432"
    "memorysetup-temp-allocator-size-nav-mesh-worker=65536"
    "memorysetup-temp-allocator-size-audio-worker=65536"
    "memorysetup-temp-allocator-size-cloud-worker=32768"
    "memorysetup-temp-allocator-size-gi-baking-worker=262144"
    "memorysetup-temp-allocator-size-gi-baking-worker=262144"
    "memorysetup-temp-allocator-size-gi-baking-worker=262144"
    "memorysetup-temp-allocator-size-gi-baking-worker=262144"
    "memorysetup-temp-allocator-size-gi-baking-worker=262144"
    "memorysetup-temp-allocator-size-gfx=262144"
Player connection [6332]  Target information:

Player connection [6332]  * "[IP] 192.168.10.101 [Port] 0 [Flags] 2 [Guid] 1414181457 [EditorId] 1414181457 [Version] 1048832 [Id] WindowsEditor(7,DESKTOP-KVJ1GLR) [Debug] 1 [PackageName] WindowsEditor [ProjectName] Editor" 

Player connection [6332]  * "[IP] 192.168.56.1 [Port] 0 [Flags] 2 [Guid] 1414181457 [EditorId] 1414181457 [Version] 1048832 [Id] WindowsEditor(7,DESKTOP-KVJ1GLR) [Debug] 1 [PackageName] WindowsEditor [ProjectName] Editor" 

Player connection [6332] Host joined multi-casting on [225.0.0.222:54997]...
Player connection [6332] Host joined alternative multi-casting on [225.0.0.222:34997]...
JobSystem: Creating JobQueue using job-worker-count value 9
Input System module state changed to: Initialized.
[Physics::Module] Initialized fallback backend.
[Physics::Module] Id: 0xdecafbad
[Licensing::Client] Code 10 while verifying Licensing Client signature (process Id: 28624, path: "C:/Program Files/Unity Hub/UnityLicensingClient_V1/Unity.Licensing.Client.exe")
[Licensing::Module] LicensingClient has failed validation; ignoring
[Licensing::Client] Handshaking with LicensingClient:
  Version:                 1.17.4+4293ba1
  Session Id:              b38fa6e39e2540db8e566d2c8f2496dd
  Correlation Id:          62d6af0b9a54ee8e35f11f810c0033bc
  External correlation Id: 8233695276241517219
  Machine Id:              +mu8gkDPb3WxqDjXcxKG51FKN7A=
[Licensing::Module] Successfully connected to LicensingClient on channel: "LicenseClient-Andoryu" (connect: 0.00s, validation: 0.00s, handshake: 0.04s)
[Licensing::IpcConnector] Successfully connected to: "LicenseClient-Andoryu-notifications" at "2026-05-16T10:26:38.3509636Z"
[Licensing::Module] Licensing Background thread has ended after 0.04s
Library Redirect Path: Library/
[Physics::Module] Selected backend.
[Physics::Module] Name: PhysX
[Physics::Module] Id: 0xf2b8ea05
[Physics::Module] SDK Version: 4.1.2
[Physics::Module] Integration Version: 1.0.0
[Physics::Module] Threading Mode: Multi-Threaded
Refreshing native plugins compatible for Editor in 3.88 ms, found 4 plugins.
Preloading 0 native plugins for Editor in 0.00 ms.
Initialize engine version: 6000.2.2f1 (ea398eefe1c2)
[Subsystems] Discovering subsystems at path C:/Program Files/Unity/Hub/Editor/6000.2.2f1/Editor/Data/Resources/UnitySubsystems
[Subsystems] Discovering subsystems at path C:/Users/Andoryu/Downloads/Pathogen/Assets
GfxDevice: creating device client; kGfxThreadingModeNonThreaded
d3d12: failed to query info queue interface (0x80004002).
Direct3D:
    Version:         Direct3D 12 [level 12.1]
    Renderer:        NVIDIA GeForce RTX 4070 (ID=0x2786)
    Vendor:          NVIDIA
    VRAM:            12012 MB
    App VRAM Budget: 11244 MB
    Driver:          32.0.15.8097
Initialize mono
Mono path[0] = 'C:/Program Files/Unity/Hub/Editor/6000.2.2f1/Editor/Data/Managed'
Mono path[1] = 'C:/Program Files/Unity/Hub/Editor/6000.2.2f1/Editor/Data/MonoBleedingEdge/lib/mono/unityjit-win32'
Mono config path = 'C:/Program Files/Unity/Hub/Editor/6000.2.2f1/Editor/Data/MonoBleedingEdge/etc'
Using monoOptions --debugger-agent=transport=dt_socket,embedding=1,server=y,suspend=n,address=127.0.0.1:56580
Begin MonoManager ReloadAssembly
Registering precompiled unity dll's ...
Register platform support module: C:/Program Files/Unity/Hub/Editor/6000.2.2f1/Editor/Data/PlaybackEngines/WebGLSupport/UnityEditor.WebGL.Extensions.dll
Register platform support module: C:/Program Files/Unity/Hub/Editor/6000.2.2f1/Editor/Data/PlaybackEngines/WindowsStandaloneSupport/UnityEditor.WindowsStandalone.Extensions.dll
Registered in 0.001057 seconds.
- Loaded All Assemblies, in  0.299 seconds
Native extension for WindowsStandalone target not found
Native extension for WebGL target not found
Mono: successfully reloaded assembly
- Finished resetting the current domain, in  0.218 seconds
Domain Reload Profiling: 516ms
	BeginReloadAssembly (103ms)
		ExecutionOrderSort (0ms)
		DisableScriptedObjects (0ms)
		BackupInstance (0ms)
		ReleaseScriptingObjects (0ms)
		CreateAndSetChildDomain (0ms)
	RebuildCommonClasses (29ms)
	RebuildNativeTypeToScriptingClass (8ms)
	initialDomainReloadingComplete (40ms)
	LoadAllAssembliesAndSetupDomain (117ms)
		LoadAssemblies (102ms)
		RebuildTransferFunctionScriptingTraits (0ms)
		AnalyzeDomain (115ms)
			TypeCache.Refresh (114ms)
				TypeCache.ScanAssembly (104ms)
			BuildScriptInfoCaches (0ms)
			ResolveRequiredComponents (0ms)
	FinalizeReload (218ms)
		ReleaseScriptCaches (0ms)
		RebuildScriptCaches (0ms)
		SetupLoadedEditorAssemblies (190ms)
			LogAssemblyErrors (0ms)
			InitializePlatformSupportModulesInManaged (34ms)
			SetLoadedEditorAssemblies (2ms)
			BeforeProcessingInitializeOnLoad (41ms)
			ProcessInitializeOnLoadAttributes (81ms)
			ProcessInitializeOnLoadMethodAttributes (31ms)
			AfterProcessingInitializeOnLoad (0ms)
			EditorAssembliesLoaded (0ms)
		ExecutionOrderSort2 (0ms)
		AwakeInstancesAfterBackupRestoration (0ms)
Assembly reference Packages/com.unity.cinemachine/Editor/Samples/ExposeHDRPInternals/HDRP-Editor-ref.asmref has no target assembly definition
========================================================================
Worker process is ready to serve import requests
Import Worker Mode flag is 0x00
Assembly reference Packages/com.unity.cinemachine/Editor/Samples/ExposeHDRPInternals/HDRP-Editor-ref.asmref has no target assembly definition
Assembly reference Packages/com.unity.cinemachine/Editor/Samples/ExposeHDRPInternals/HDRP-Editor-ref.asmref has no target assembly definition
Begin MonoManager ReloadAssembly
[Licensing::Client] Successfully resolved entitlement details
[Licensing::Module] License group:
  Id: F4-573P-GNTK-FFXR-578J-XXXX
  Product: Unity Personal
  Type: ULF
  Expiration: Unlimited
[Licensing::Module] License group:
  Id: 1375858316803-UnityPersXXXX
  Product: Unity Personal
  Type: Assigned
  Expiration: Unlimited
- Loaded All Assemblies, in  0.551 seconds
Assembly reference Packages/com.unity.cinemachine/Editor/Samples/ExposeHDRPInternals/HDRP-Editor-ref.asmref has no target assembly definition
'Packages/com.unity.cinemachine/Editor/Obsolete/CinemachineVirtualCameraBaseEditor.cs' contains partial class of Unity.Object, exactly 1 of the partial classes needs to be in a file with the same filename. This is to know the one that can be referenced from ie. GameObjects
'Packages/com.unity.cinemachine/Editor/Editors/CinemachineVirtualCameraBaseEditor.cs' contains partial class of Unity.Object, exactly 1 of the partial classes needs to be in a file with the same filename. This is to know the one that can be referenced from ie. GameObjects
Refreshing native plugins compatible for Editor in 0.72 ms, found 4 plugins.
Native extension for WindowsStandalone target not found
Native extension for WebGL target not found
Assembly reference Packages/com.unity.cinemachine/Editor/Samples/ExposeHDRPInternals/HDRP-Editor-ref.asmref has no target assembly definition
Package Manager log level set to [2]
[Package Manager] Failed to launch server process. Reason: Unity was launched with the -noUpm command-line argument
[Package Manager] Unable to send message (not connected to server process).
[Package Manager] Cannot connect to Unity Package Manager local server
[Package Manager] Failed to launch server process. Reason: Unity was launched with the -noUpm command-line argument
[Package Manager] Unable to send message (not connected to server process).
[Package Manager] Cannot connect to Unity Package Manager local server
Mono: successfully reloaded assembly
- Finished resetting the current domain, in  0.496 seconds
Domain Reload Profiling: 1045ms
	BeginReloadAssembly (115ms)
		ExecutionOrderSort (0ms)
		DisableScriptedObjects (4ms)
		BackupInstance (0ms)
		ReleaseScriptingObjects (0ms)
		CreateAndSetChildDomain (21ms)
	RebuildCommonClasses (23ms)
	RebuildNativeTypeToScriptingClass (7ms)
	initialDomainReloadingComplete (25ms)
	LoadAllAssembliesAndSetupDomain (378ms)
		LoadAssemblies (254ms)
		RebuildTransferFunctionScriptingTraits (0ms)
		AnalyzeDomain (186ms)
			TypeCache.Refresh (137ms)
				TypeCache.ScanAssembly (125ms)
			BuildScriptInfoCaches (38ms)
			ResolveRequiredComponents (8ms)
	FinalizeReload (496ms)
		ReleaseScriptCaches (0ms)
		RebuildScriptCaches (0ms)
		SetupLoadedEditorAssemblies (407ms)
			LogAssemblyErrors (0ms)
			InitializePlatformSupportModulesInManaged (1ms)
			SetLoadedEditorAssemblies (4ms)
			BeforeProcessingInitializeOnLoad (79ms)
			ProcessInitializeOnLoadAttributes (253ms)
			ProcessInitializeOnLoadMethodAttributes (67ms)
			AfterProcessingInitializeOnLoad (3ms)
			EditorAssembliesLoaded (0ms)
		ExecutionOrderSort2 (0ms)
		AwakeInstancesAfterBackupRestoration (4ms)
Launched and connected shader compiler UnityShaderCompiler.exe after 0.01 seconds
Refreshing native plugins compatible for Editor in 0.76 ms, found 4 plugins.
Preloading 0 native plugins for Editor in 0.00 ms.
Unloading 14 Unused Serialized files (Serialized files now loaded: 0)
Unloading 7294 unused Assets / (4.5 MB). Loaded Objects now: 8023.
Memory consumption went from 153.0 MB to 148.5 MB.
Total: 5.168800 ms (FindLiveObjects: 0.452500 ms CreateObjectMapping: 0.284000 ms MarkObjects: 3.014500 ms  DeleteObjects: 1.416900 ms)

========================================================================
Received Import Request.
  Time since last request: 136231.291017 seconds.
  path: Assets/_WeaponData/WD_Pistol.asset
  artifactKey: Guid(abf64a81ea82cac4b84c13d61f8d3d90) Importer(815301076,1909f56bfc062723c751e8b465ee728b)
Start importing Assets/_WeaponData/WD_Pistol.asset using Guid(abf64a81ea82cac4b84c13d61f8d3d90) Importer(815301076,1909f56bfc062723c751e8b465ee728b) (PreviewImporter) -> (artifact id: '03ef141ed8537ca11e3cac06ce83e224') in 0.0255438 seconds
Number of updated asset objects reloaded before import = 0Number of asset objects unloaded after import = 1

========================================================================
Received Import Request.
  Time since last request: 4.183322 seconds.
  path: Assets/MapAssets/b8f1148ff90540536a9f4ce40922ecbec324b85f_0.asset
  artifactKey: Guid(1da8760645251934ca0adfc1ae045df3) Importer(815301076,1909f56bfc062723c751e8b465ee728b)
Start importing Assets/MapAssets/b8f1148ff90540536a9f4ce40922ecbec324b85f_0.asset using Guid(1da8760645251934ca0adfc1ae045df3) Importer(815301076,1909f56bfc062723c751e8b465ee728b) (PreviewImporter) -> (artifact id: '48dedc46531c059f9cf8d2c4a1a99f77') in 0.0485989 seconds
Number of updated asset objects reloaded before import = 0Number of asset objects unloaded after import = 3

========================================================================
Received Import Request.
  Time since last request: 0.000017 seconds.
  path: Assets/MapAssets/doorswindowsstairs_LRK_9.asset
  artifactKey: Guid(13c1137f0acbb064a8910a98266cec97) Importer(815301076,1909f56bfc062723c751e8b465ee728b)
Start importing Assets/MapAssets/doorswindowsstairs_LRK_9.asset using Guid(13c1137f0acbb064a8910a98266cec97) Importer(815301076,1909f56bfc062723c751e8b465ee728b) (PreviewImporter) -> (artifact id: '39e254018c30d401125b2a190bcc3a3d') in 0.022078 seconds
Number of updated asset objects reloaded before import = 0Number of asset objects unloaded after import = 3

========================================================================
Received Import Request.
  Time since last request: 0.000019 seconds.
  path: Assets/MapAssets/cabinets_LRK_41.asset
  artifactKey: Guid(97b1081c8cb1a3440890d85772640dd4) Importer(815301076,1909f56bfc062723c751e8b465ee728b)
Start importing Assets/MapAssets/cabinets_LRK_41.asset using Guid(97b1081c8cb1a3440890d85772640dd4) Importer(815301076,1909f56bfc062723c751e8b465ee728b) (PreviewImporter) -> (artifact id: 'eb93dbd97a525dc19eaf743a6904e0fe') in 0.0332028 seconds
Number of updated asset objects reloaded before import = 0Number of asset objects unloaded after import = 3

========================================================================
Received Import Request.
  Time since last request: 0.000023 seconds.
  path: Assets/MapAssets/Car.prefab
  artifactKey: Guid(31b86b4ae056afe448254066c4485ef3) Importer(815301076,1909f56bfc062723c751e8b465ee728b)
Start importing Assets/MapAssets/Car.prefab using Guid(31b86b4ae056afe448254066c4485ef3) Importer(815301076,1909f56bfc062723c751e8b465ee728b) (PreviewImporter) -> (artifact id: '91957ddf420f68d22e28c5570e31df45') in 0.3474615 seconds
Number of updated asset objects reloaded before import = 0Number of asset objects unloaded after import = 198

========================================================================
Received Import Request.
  Time since last request: 0.000040 seconds.
  path: Assets/MapAssets/doorswindowsstairs_LRK_12.asset
  artifactKey: Guid(3cfeec3210e19364a8e668e2cbc766fb) Importer(815301076,1909f56bfc062723c751e8b465ee728b)
Start importing Assets/MapAssets/doorswindowsstairs_LRK_12.asset using Guid(3cfeec3210e19364a8e668e2cbc766fb) Importer(815301076,1909f56bfc062723c751e8b465ee728b) (PreviewImporter) -> (artifact id: 'a4b2b04260cecac4b8a21651e870f74f') in 0.0056804 seconds
Number of updated asset objects reloaded before import = 0Number of asset objects unloaded after import = 3

========================================================================
Received Import Request.
  Time since last request: 0.000038 seconds.
  path: Assets/MapAssets/beds_BR_7.asset
  artifactKey: Guid(572b7827a433fc045a74a1381fdc8a88) Importer(815301076,1909f56bfc062723c751e8b465ee728b)
Start importing Assets/MapAssets/beds_BR_7.asset using Guid(572b7827a433fc045a74a1381fdc8a88) Importer(815301076,1909f56bfc062723c751e8b465ee728b) (PreviewImporter) -> (artifact id: '64b11468ae677f42168856223c503bc9') in 0.0058627 seconds
Number of updated asset objects reloaded before import = 0Number of asset objects unloaded after import = 3

========================================================================
Received Import Request.
  Time since last request: 0.000034 seconds.
  path: Assets/MapAssets/cabinets_LRK_35.asset
  artifactKey: Guid(18cbd87cb676e3f49900fa340dc23a48) Importer(815301076,1909f56bfc062723c751e8b465ee728b)
Start importing Assets/MapAssets/cabinets_LRK_35.asset using Guid(18cbd87cb676e3f49900fa340dc23a48) Importer(815301076,1909f56bfc062723c751e8b465ee728b) (PreviewImporter) -> (artifact id: '9b2ed95b3a4bec5b02c5aeee15d74bd4') in 0.0056733 seconds
Number of updated asset objects reloaded before import = 0Number of asset objects unloaded after import = 3

========================================================================
Received Import Request.
  Time since last request: 0.000020 seconds.
  path: Assets/MapAssets/beds_BR_5.asset
  artifactKey: Guid(b9bf8d5f89d75004eb431a77de5eb1af) Importer(815301076,1909f56bfc062723c751e8b465ee728b)
Start importing Assets/MapAssets/beds_BR_5.asset using Guid(b9bf8d5f89d75004eb431a77de5eb1af) Importer(815301076,1909f56bfc062723c751e8b465ee728b) (PreviewImporter) -> (artifact id: '2a3e65e097b95a646312c6c344e6b9d2') in 0.0067998 seconds
Number of updated asset objects reloaded before import = 0Number of asset objects unloaded after import = 3

========================================================================
Received Import Request.
  Time since last request: 0.000023 seconds.
  path: Assets/MapAssets/cabinets_LRK_21.asset
  artifactKey: Guid(8a4b0a8b25ad3e94ab3d4bf7a05e0748) Importer(815301076,1909f56bfc062723c751e8b465ee728b)
Start importing Assets/MapAssets/cabinets_LRK_21.asset using Guid(8a4b0a8b25ad3e94ab3d4bf7a05e0748) Importer(815301076,1909f56bfc062723c751e8b465ee728b) (PreviewImporter) -> (artifact id: 'fd56b3267ad397c04802ba82f1e2c36c') in 0.0066382 seconds
Number of updated asset objects reloaded before import = 0Number of asset objects unloaded after import = 3

========================================================================
Received Import Request.
  Time since last request: 0.000021 seconds.
  path: Assets/MapAssets/doorswindowsstairs_LRK_29.asset
  artifactKey: Guid(372cd091e114e0d4998d28ac90c730d0) Importer(815301076,1909f56bfc062723c751e8b465ee728b)
Start importing Assets/MapAssets/doorswindowsstairs_LRK_29.asset using Guid(372cd091e114e0d4998d28ac90c730d0) Importer(815301076,1909f56bfc062723c751e8b465ee728b) (PreviewImporter) -> (artifact id: '00c1c6628ddf5bbc9343e05f9857fc79') in 0.0052625 seconds
Number of updated asset objects reloaded before import = 0Number of asset objects unloaded after import = 3

========================================================================
Received Import Request.
  Time since last request: 0.000024 seconds.
  path: Assets/MapAssets/cabinets_LRK.png
  artifactKey: Guid(f3b76e9fd3c4cba4d951ef4338255c7c) Importer(815301076,1909f56bfc062723c751e8b465ee728b)
Start importing Assets/MapAssets/cabinets_LRK.png using Guid(f3b76e9fd3c4cba4d951ef4338255c7c) Importer(815301076,1909f56bfc062723c751e8b465ee728b) (PreviewImporter) -> (artifact id: '113bc70d5a7307b4356eda80fd91d257') in 0.1593809 seconds
Number of updated asset objects reloaded before import = 0Number of asset objects unloaded after import = 71

========================================================================
Received Import Request.
  Time since last request: 0.000024 seconds.
  path: Assets/MapAssets/cabinets_LRK_25.asset
  artifactKey: Guid(3da9c6a1b8e60154f8f1b3e9f417fd2d) Importer(815301076,1909f56bfc062723c751e8b465ee728b)
Start importing Assets/MapAssets/cabinets_LRK_25.asset using Guid(3da9c6a1b8e60154f8f1b3e9f417fd2d) Importer(815301076,1909f56bfc062723c751e8b465ee728b) (PreviewImporter) -> (artifact id: '940595521f01310f0e896a34cc75285b') in 0.0058293 seconds
Number of updated asset objects reloaded before import = 0Number of asset objects unloaded after import = 3

========================================================================
Received Import Request.
  Time since last request: 0.000028 seconds.
  path: Assets/MapAssets/doorswindowsstairs_LRK_31.asset
  artifactKey: Guid(864ca948912cab546ac9c84bb4bd8906) Importer(815301076,1909f56bfc062723c751e8b465ee728b)
Start importing Assets/MapAssets/doorswindowsstairs_LRK_31.asset using Guid(864ca948912cab546ac9c84bb4bd8906) Importer(815301076,1909f56bfc062723c751e8b465ee728b) (PreviewImporter) -> (artifact id: '48fcb59636d7e9a30f3fd57862247a84') in 0.0060957 seconds
Number of updated asset objects reloaded before import = 0Number of asset objects unloaded after import = 3

========================================================================
Received Import Request.
  Time since last request: 0.000043 seconds.
  path: Assets/MapAssets/cabinets_LRK_44.asset
  artifactKey: Guid(95a271b5a5af36a4db69c6dfecc15b5a) Importer(815301076,1909f56bfc062723c751e8b465ee728b)
Start importing Assets/MapAssets/cabinets_LRK_44.asset using Guid(95a271b5a5af36a4db69c6dfecc15b5a) Importer(815301076,1909f56bfc062723c751e8b465ee728b) (PreviewImporter) -> (artifact id: '31b0b6bb4a90594bcc191ccfeed41de6') in 0.0054618 seconds
Number of updated asset objects reloaded before import = 0Number of asset objects unloaded after import = 3

========================================================================
Received Import Request.
  Time since last request: 0.000031 seconds.
  path: Assets/MapAssets/cabinets_LRK_49.asset
  artifactKey: Guid(6813b4a6c40da6c4ea95c2fd4bf47d3f) Importer(815301076,1909f56bfc062723c751e8b465ee728b)
Start importing Assets/MapAssets/cabinets_LRK_49.asset using Guid(6813b4a6c40da6c4ea95c2fd4bf47d3f) Importer(815301076,1909f56bfc062723c751e8b465ee728b) (PreviewImporter) -> (artifact id: '6a8050193b2e99ae59d9e990000a1865') in 0.0059058 seconds
Number of updated asset objects reloaded before import = 0Number of asset objects unloaded after import = 3

========================================================================
Received Import Request.
  Time since last request: 0.000032 seconds.
  path: Assets/MapAssets/beds_BR.png
  artifactKey: Guid(b8c48d606a27e9c4486de3ccb39dc49d) Importer(815301076,1909f56bfc062723c751e8b465ee728b)
Start importing Assets/MapAssets/beds_BR.png using Guid(b8c48d606a27e9c4486de3ccb39dc49d) Importer(815301076,1909f56bfc062723c751e8b465ee728b) (PreviewImporter) -> (artifact id: 'f1d72249568689fdf4bf0d945de50292') in 0.0255139 seconds
Number of updated asset objects reloaded before import = 0Number of asset objects unloaded after import = 12

========================================================================
Received Import Request.
  Time since last request: 0.049475 seconds.
  path: Assets/MapAssets/doorswindowsstairs_LRK_38.asset
  artifactKey: Guid(50cd67042f23a0b49b82113e4775fc97) Importer(815301076,1909f56bfc062723c751e8b465ee728b)
Start importing Assets/MapAssets/doorswindowsstairs_LRK_38.asset using Guid(50cd67042f23a0b49b82113e4775fc97) Importer(815301076,1909f56bfc062723c751e8b465ee728b) (PreviewImporter) -> (artifact id: '617cc064bcbcbe3aa0b278b2075bb455') in 0.0182997 seconds
Number of updated asset objects reloaded before import = 0Number of asset objects unloaded after import = 3

========================================================================
Received Import Request.
  Time since last request: 0.000050 seconds.
  path: Assets/MapAssets/doorswindowsstairs_LRK_40.asset
  artifactKey: Guid(45a5ab34afa86a5499cdeb9ce79b3a15) Importer(815301076,1909f56bfc062723c751e8b465ee728b)
Start importing Assets/MapAssets/doorswindowsstairs_LRK_40.asset using Guid(45a5ab34afa86a5499cdeb9ce79b3a15) Importer(815301076,1909f56bfc062723c751e8b465ee728b) (PreviewImporter) -> (artifact id: 'e457f78890328bf83f2a82b47e4cbc3c') in 0.0067606 seconds
Number of updated asset objects reloaded before import = 0Number of asset objects unloaded after import = 3

========================================================================
Received Import Request.
  Time since last request: 0.000028 seconds.
  path: Assets/MapAssets/generator_0.asset
  artifactKey: Guid(2e0654d092000534086013afc93f652b) Importer(815301076,1909f56bfc062723c751e8b465ee728b)
Start importing Assets/MapAssets/generator_0.asset using Guid(2e0654d092000534086013afc93f652b) Importer(815301076,1909f56bfc062723c751e8b465ee728b) (PreviewImporter) -> (artifact id: '69580a2ebdb8bd0131293d603c28ea79') in 0.0058442 seconds
Number of updated asset objects reloaded before import = 0Number of asset objects unloaded after import = 3

========================================================================
Received Import Request.
  Time since last request: 0.000022 seconds.
  path: Assets/MapAssets/kitchen_LRK_18.asset
  artifactKey: Guid(85d093845215403458f7ec687e9603f9) Importer(815301076,1909f56bfc062723c751e8b465ee728b)
Start importing Assets/MapAssets/kitchen_LRK_18.asset using Guid(85d093845215403458f7ec687e9603f9) Importer(815301076,1909f56bfc062723c751e8b465ee728b) (PreviewImporter) -> (artifact id: '5571fe43874738079edd933e9e2454c6') in 0.0060027 seconds
Number of updated asset objects reloaded before import = 0Number of asset objects unloaded after import = 3

========================================================================
Received Import Request.
  Time since last request: 0.000024 seconds.
  path: Assets/MapAssets/kitchen_LRK_23.asset
  artifactKey: Guid(83b4e511a3c68c945a84b1280d9f99d3) Importer(815301076,1909f56bfc062723c751e8b465ee728b)
Start importing Assets/MapAssets/kitchen_LRK_23.asset using Guid(83b4e511a3c68c945a84b1280d9f99d3) Importer(815301076,1909f56bfc062723c751e8b465ee728b) (PreviewImporter) -> (artifact id: '134bfc977b0148cf965b1dafe488f5bb') in 0.006856 seconds
Number of updated asset objects reloaded before import = 0Number of asset objects unloaded after import = 3

========================================================================
Received Import Request.
  Time since last request: 0.000038 seconds.
  path: Assets/MapAssets/kitchen_LRK.png
  artifactKey: Guid(5f450b33105f57e408f23d6e1c65e7ae) Importer(815301076,1909f56bfc062723c751e8b465ee728b)
Start importing Assets/MapAssets/kitchen_LRK.png using Guid(5f450b33105f57e408f23d6e1c65e7ae) Importer(815301076,1909f56bfc062723c751e8b465ee728b) (PreviewImporter) -> (artifact id: '8b0df919aaa0012acfba2d86939bb2f0') in 0.0763459 seconds
Number of updated asset objects reloaded before import = 0Number of asset objects unloaded after import = 33

========================================================================
Received Import Request.
  Time since last request: 0.000023 seconds.
  path: Assets/MapAssets/kitchen_LRK_21.asset
  artifactKey: Guid(067fed011aff09047acd6a4408c434c5) Importer(815301076,1909f56bfc062723c751e8b465ee728b)
Start importing Assets/MapAssets/kitchen_LRK_21.asset using Guid(067fed011aff09047acd6a4408c434c5) Importer(815301076,1909f56bfc062723c751e8b465ee728b) (PreviewImporter) -> (artifact id: 'eb0ac0f3a24cc75b54ada95729fdf9be') in 0.0059277 seconds
Number of updated asset objects reloaded before import = 0Number of asset objects unloaded after import = 3

========================================================================
Received Import Request.
  Time since last request: 0.000030 seconds.
  path: Assets/MapAssets/Fountain.prefab
  artifactKey: Guid(dc1258f8df5870b49b16b18635a7ce37) Importer(815301076,1909f56bfc062723c751e8b465ee728b)
Start importing Assets/MapAssets/Fountain.prefab using Guid(dc1258f8df5870b49b16b18635a7ce37) Importer(815301076,1909f56bfc062723c751e8b465ee728b) (PreviewImporter) -> (artifact id: '61c40679272e21e6aa643eb83581c6bd') in 0.0078571 seconds
Number of updated asset objects reloaded before import = 0Number of asset objects unloaded after import = 13

========================================================================
Received Import Request.
  Time since last request: 0.000054 seconds.
  path: Assets/MapAssets/eduardo-sousa-storage-bassment-top-down-4x_0.asset
  artifactKey: Guid(de25426348b6d3047932e8c02409e77a) Importer(815301076,1909f56bfc062723c751e8b465ee728b)
Start importing Assets/MapAssets/eduardo-sousa-storage-bassment-top-down-4x_0.asset using Guid(de25426348b6d3047932e8c02409e77a) Importer(815301076,1909f56bfc062723c751e8b465ee728b) (PreviewImporter) -> (artifact id: 'ed2886735ab32cc98f7932f8d266105f') in 0.0068157 seconds
Number of updated asset objects reloaded before import = 0Number of asset objects unloaded after import = 3

========================================================================
Received Import Request.
  Time since last request: 0.000029 seconds.
  path: Assets/MapAssets/kitchen_LRK_26.asset
  artifactKey: Guid(143447feced770c47a0e0856e2cdb7f0) Importer(815301076,1909f56bfc062723c751e8b465ee728b)
Start importing Assets/MapAssets/kitchen_LRK_26.asset using Guid(143447feced770c47a0e0856e2cdb7f0) Importer(815301076,1909f56bfc062723c751e8b465ee728b) (PreviewImporter) -> (artifact id: '4e2a2c5dbe18e72069b9abe08f203f91') in 0.0059913 seconds
Number of updated asset objects reloaded before import = 0Number of asset objects unloaded after import = 3

========================================================================
Received Import Request.
  Time since last request: 0.000019 seconds.
  path: Assets/MapAssets/livingroom_LRK_27.asset
  artifactKey: Guid(01c602ad18fbace4ea4dd34604639704) Importer(815301076,1909f56bfc062723c751e8b465ee728b)
Start importing Assets/MapAssets/livingroom_LRK_27.asset using Guid(01c602ad18fbace4ea4dd34604639704) Importer(815301076,1909f56bfc062723c751e8b465ee728b) (PreviewImporter) -> (artifact id: 'e357562f155f077abf3a0a9f70e374ec') in 0.0063196 seconds
Number of updated asset objects reloaded before import = 0Number of asset objects unloaded after import = 3

========================================================================
Received Import Request.
  Time since last request: 0.000018 seconds.
  path: Assets/MapAssets/livingroom_LRK_22.asset
  artifactKey: Guid(343c072407451a44b8d0e9548567b436) Importer(815301076,1909f56bfc062723c751e8b465ee728b)
Start importing Assets/MapAssets/livingroom_LRK_22.asset using Guid(343c072407451a44b8d0e9548567b436) Importer(815301076,1909f56bfc062723c751e8b465ee728b) (PreviewImporter) -> (artifact id: '5804d40e07b3b772f96418d6069d4f25') in 0.0061622 seconds
Number of updated asset objects reloaded before import = 0Number of asset objects unloaded after import = 3

========================================================================
Received Import Request.
  Time since last request: 0.000028 seconds.
  path: Assets/MapAssets/livingroom_LRK_51.asset
  artifactKey: Guid(282bb0c18a5bcd24bb6bd941cdbaa0e0) Importer(815301076,1909f56bfc062723c751e8b465ee728b)
Start importing Assets/MapAssets/livingroom_LRK_51.asset using Guid(282bb0c18a5bcd24bb6bd941cdbaa0e0) Importer(815301076,1909f56bfc062723c751e8b465ee728b) (PreviewImporter) -> (artifact id: '17ff859d0b526f42e15143e8089c7c33') in 0.0048651 seconds
Number of updated asset objects reloaded before import = 0Number of asset objects unloaded after import = 3

========================================================================
Received Import Request.
  Time since last request: 0.000058 seconds.
  path: Assets/MapAssets/livingroom_LRK_63.asset
  artifactKey: Guid(e0d171347730d6146bbb31db90fee82d) Importer(815301076,1909f56bfc062723c751e8b465ee728b)
Start importing Assets/MapAssets/livingroom_LRK_63.asset using Guid(e0d171347730d6146bbb31db90fee82d) Importer(815301076,1909f56bfc062723c751e8b465ee728b) (PreviewImporter) -> (artifact id: 'b284123a22b6c7f743b047d19be0aa27') in 0.0058756 seconds
Number of updated asset objects reloaded before import = 0Number of asset objects unloaded after import = 3

========================================================================
Received Import Request.
  Time since last request: 0.000018 seconds.
  path: Assets/MapAssets/livingroom_LRK_64.asset
  artifactKey: Guid(a35748bc6bbe87d4895f2cc34cf52a1a) Importer(815301076,1909f56bfc062723c751e8b465ee728b)
Start importing Assets/MapAssets/livingroom_LRK_64.asset using Guid(a35748bc6bbe87d4895f2cc34cf52a1a) Importer(815301076,1909f56bfc062723c751e8b465ee728b) (PreviewImporter) -> (artifact id: '55c6a448b0bd3d6b3b9c56ab7f0724d1') in 0.0061465 seconds
Number of updated asset objects reloaded before import = 0Number of asset objects unloaded after import = 3

========================================================================
Received Import Request.
  Time since last request: 0.000027 seconds.
  path: Assets/MapAssets/livingroom_LRK_81.asset
  artifactKey: Guid(1400bf845970c794ab10cb48fe70990d) Importer(815301076,1909f56bfc062723c751e8b465ee728b)
Start importing Assets/MapAssets/livingroom_LRK_81.asset using Guid(1400bf845970c794ab10cb48fe70990d) Importer(815301076,1909f56bfc062723c751e8b465ee728b) (PreviewImporter) -> (artifact id: '6594ecc9de50996ac52d6889a682eb5c') in 0.0057572 seconds
Number of updated asset objects reloaded before import = 0Number of asset objects unloaded after import = 3

========================================================================
Received Import Request.
  Time since last request: 0.000021 seconds.
  path: Assets/MapAssets/lpc-mine-cart-carts.png
  artifactKey: Guid(983fdf5fd000a1744b720045f7270949) Importer(815301076,1909f56bfc062723c751e8b465ee728b)
Start importing Assets/MapAssets/lpc-mine-cart-carts.png using Guid(983fdf5fd000a1744b720045f7270949) Importer(815301076,1909f56bfc062723c751e8b465ee728b) (PreviewImporter) -> (artifact id: '97fdb89dace3b1fc3305ed2cdf54e98c') in 0.0257674 seconds
Number of updated asset objects reloaded before import = 0Number of asset objects unloaded after import = 10

========================================================================
Received Import Request.
  Time since last request: 0.000026 seconds.
  path: Assets/MapAssets/livingroom_LRK_44.asset
  artifactKey: Guid(06e1f56cfdf1e4c4f923f2fe0bb3d3c7) Importer(815301076,1909f56bfc062723c751e8b465ee728b)
Start importing Assets/MapAssets/livingroom_LRK_44.asset using Guid(06e1f56cfdf1e4c4f923f2fe0bb3d3c7) Importer(815301076,1909f56bfc062723c751e8b465ee728b) (PreviewImporter) -> (artifact id: '90eb47a5b3f3b558753ee4689299a932') in 0.0057326 seconds
Number of updated asset objects reloaded before import = 0Number of asset objects unloaded after import = 3

========================================================================
Received Import Request.
  Time since last request: 0.000029 seconds.
  path: Assets/MapAssets/Main-Characters-Home-Free-Top-Down-Pixel-Art3-720x480-removebg-preview_5.asset
  artifactKey: Guid(b199006ab6ea31447ad6edd56f5d0051) Importer(815301076,1909f56bfc062723c751e8b465ee728b)
Start importing Assets/MapAssets/Main-Characters-Home-Free-Top-Down-Pixel-Art3-720x480-removebg-preview_5.asset using Guid(b199006ab6ea31447ad6edd56f5d0051) Importer(815301076,1909f56bfc062723c751e8b465ee728b) (PreviewImporter) -> (artifact id: '56492631e4131b563124270cf338e7c9') in 0.0061694 seconds
Number of updated asset objects reloaded before import = 0Number of asset objects unloaded after import = 3

========================================================================
Received Import Request.
  Time since last request: 0.000021 seconds.
  path: Assets/MapAssets/livingroom_LRK_20.asset
  artifactKey: Guid(4b472a6674925aa43a3edbf4de216c85) Importer(815301076,1909f56bfc062723c751e8b465ee728b)
Start importing Assets/MapAssets/livingroom_LRK_20.asset using Guid(4b472a6674925aa43a3edbf4de216c85) Importer(815301076,1909f56bfc062723c751e8b465ee728b) (PreviewImporter) -> (artifact id: '3a32242121f35594bb3b2faa137a9cf3') in 0.0050318 seconds
Number of updated asset objects reloaded before import = 0Number of asset objects unloaded after import = 3

========================================================================
Received Import Request.
  Time since last request: 0.000021 seconds.
  path: Assets/MapAssets/livingroom_LRK_74.asset
  artifactKey: Guid(8b39e4e37f720934dae20193f28602c1) Importer(815301076,1909f56bfc062723c751e8b465ee728b)
Start importing Assets/MapAssets/livingroom_LRK_74.asset using Guid(8b39e4e37f720934dae20193f28602c1) Importer(815301076,1909f56bfc062723c751e8b465ee728b) (PreviewImporter) -> (artifact id: '6584c73cb44a3ec52ff9bf96cbe5d3fd') in 0.0061125 seconds
Number of updated asset objects reloaded before import = 0Number of asset objects unloaded after import = 3

========================================================================
Received Import Request.
  Time since last request: 0.000021 seconds.
  path: Assets/MapAssets/Main-Characters-Home-Free-Top-Down-Pixel-Art3-720x480-removebg-preview_8.asset
  artifactKey: Guid(0cc8935d729ed6e4fb097d0205590f77) Importer(815301076,1909f56bfc062723c751e8b465ee728b)
Start importing Assets/MapAssets/Main-Characters-Home-Free-Top-Down-Pixel-Art3-720x480-removebg-preview_8.asset using Guid(0cc8935d729ed6e4fb097d0205590f77) Importer(815301076,1909f56bfc062723c751e8b465ee728b) (PreviewImporter) -> (artifact id: '509e5a2adb1b2538cb5ff614d9532659') in 0.0062189 seconds
Number of updated asset objects reloaded before import = 0Number of asset objects unloaded after import = 3

========================================================================
Received Import Request.
  Time since last request: 0.000023 seconds.
  path: Assets/MapAssets/jonathan-dodd-mdz2-large-warehouse-port-export1-removebg-preview.png
  artifactKey: Guid(5e92d95009dd6384787fc44c7f15c4a0) Importer(815301076,1909f56bfc062723c751e8b465ee728b)
Start importing Assets/MapAssets/jonathan-dodd-mdz2-large-warehouse-port-export1-removebg-preview.png using Guid(5e92d95009dd6384787fc44c7f15c4a0) Importer(815301076,1909f56bfc062723c751e8b465ee728b) (PreviewImporter) -> (artifact id: '95befa43a673cdfe3af3c2e5a0ad31f1') in 0.0116536 seconds
Number of updated asset objects reloaded before import = 0Number of asset objects unloaded after import = 3

========================================================================
Received Import Request.
  Time since last request: 0.000021 seconds.
  path: Assets/MapAssets/iv151mirrf5b1-removebg-preview_0.asset
  artifactKey: Guid(782f418e2fabb944db35ab0d3bfc39ec) Importer(815301076,1909f56bfc062723c751e8b465ee728b)
Start importing Assets/MapAssets/iv151mirrf5b1-removebg-preview_0.asset using Guid(782f418e2fabb944db35ab0d3bfc39ec) Importer(815301076,1909f56bfc062723c751e8b465ee728b) (PreviewImporter) -> (artifact id: '479403c4c7ffe552f3a46e118c1b0d72') in 0.0069429 seconds
Number of updated asset objects reloaded before import = 0Number of asset objects unloaded after import = 3

========================================================================
Received Import Request.
  Time since last request: 0.000021 seconds.
  path: Assets/MapAssets/livingroom_LRK_70.asset
  artifactKey: Guid(249c3f120e261594599f47cf180fdb41) Importer(815301076,1909f56bfc062723c751e8b465ee728b)
Start importing Assets/MapAssets/livingroom_LRK_70.asset using Guid(249c3f120e261594599f47cf180fdb41) Importer(815301076,1909f56bfc062723c751e8b465ee728b) (PreviewImporter) -> (artifact id: '430996b7fceccbd40c155eecf59f6def') in 0.0053892 seconds
Number of updated asset objects reloaded before import = 0Number of asset objects unloaded after import = 3

========================================================================
Received Import Request.
  Time since last request: 0.000024 seconds.
  path: Assets/MapAssets/livingroom_LRK_73.asset
  artifactKey: Guid(4c0f2d8c90a68874e839f5162d1e24bc) Importer(815301076,1909f56bfc062723c751e8b465ee728b)
Start importing Assets/MapAssets/livingroom_LRK_73.asset using Guid(4c0f2d8c90a68874e839f5162d1e24bc) Importer(815301076,1909f56bfc062723c751e8b465ee728b) (PreviewImporter) -> (artifact id: '67b5b9dd8d70d65a0bb91514b50e32e8') in 0.0060695 seconds
Number of updated asset objects reloaded before import = 0Number of asset objects unloaded after import = 3

========================================================================
Received Import Request.
  Time since last request: 0.000026 seconds.
  path: Assets/MapAssets/livingroom_LRK_42.asset
  artifactKey: Guid(b7f3899697c163f4c83627f1f6f58069) Importer(815301076,1909f56bfc062723c751e8b465ee728b)
Start importing Assets/MapAssets/livingroom_LRK_42.asset using Guid(b7f3899697c163f4c83627f1f6f58069) Importer(815301076,1909f56bfc062723c751e8b465ee728b) (PreviewImporter) -> (artifact id: 'b9a176b6edd5dd959d3ce1201624d413') in 0.0070138 seconds
Number of updated asset objects reloaded before import = 0Number of asset objects unloaded after import = 3

========================================================================
Received Import Request.
  Time since last request: 0.000028 seconds.
  path: Assets/MapAssets/kitchen_LRK_5.asset
  artifactKey: Guid(3778caba9cebb5e4fbae8c0e0d8a22e5) Importer(815301076,1909f56bfc062723c751e8b465ee728b)
Start importing Assets/MapAssets/kitchen_LRK_5.asset using Guid(3778caba9cebb5e4fbae8c0e0d8a22e5) Importer(815301076,1909f56bfc062723c751e8b465ee728b) (PreviewImporter) -> (artifact id: 'e20a3c84cc17681546a4e1442b39a1b5') in 0.0057277 seconds
Number of updated asset objects reloaded before import = 0Number of asset objects unloaded after import = 3

========================================================================
Received Import Request.
  Time since last request: 0.000021 seconds.
  path: Assets/MapAssets/livingroom_LRK_54.asset
  artifactKey: Guid(ecc10eecbf4f0c44ea8dbfb463305dc4) Importer(815301076,1909f56bfc062723c751e8b465ee728b)
Start importing Assets/MapAssets/livingroom_LRK_54.asset using Guid(ecc10eecbf4f0c44ea8dbfb463305dc4) Importer(815301076,1909f56bfc062723c751e8b465ee728b) (PreviewImporter) -> (artifact id: '43d5efb4c7f22e3228abfb3b2714693a') in 0.0051334 seconds
Number of updated asset objects reloaded before import = 0Number of asset objects unloaded after import = 3

========================================================================
Received Import Request.
  Time since last request: 0.000019 seconds.
  path: Assets/MapAssets/kitchen_LRK_16.asset
  artifactKey: Guid(c30f7c88369d82d448458971a8ff7581) Importer(815301076,1909f56bfc062723c751e8b465ee728b)
Start importing Assets/MapAssets/kitchen_LRK_16.asset using Guid(c30f7c88369d82d448458971a8ff7581) Importer(815301076,1909f56bfc062723c751e8b465ee728b) (PreviewImporter) -> (artifact id: '331dbb210404ff0b3823e4af645c9b46') in 0.0055404 seconds
Number of updated asset objects reloaded before import = 0Number of asset objects unloaded after import = 3

========================================================================
Received Import Request.
  Time since last request: 0.000033 seconds.
  path: Assets/MapAssets/livingroom_LRK_76.asset
  artifactKey: Guid(bf2bc6dfa9826464e94b7f295c0c1c99) Importer(815301076,1909f56bfc062723c751e8b465ee728b)
Start importing Assets/MapAssets/livingroom_LRK_76.asset using Guid(bf2bc6dfa9826464e94b7f295c0c1c99) Importer(815301076,1909f56bfc062723c751e8b465ee728b) (PreviewImporter) -> (artifact id: '6b4a764fcd090a28e14871cc6b8407c2') in 0.0066186 seconds
Number of updated asset objects reloaded before import = 0Number of asset objects unloaded after import = 3

========================================================================
Received Import Request.
  Time since last request: 0.000022 seconds.
  path: Assets/MapAssets/kitchen_LRK_12.asset
  artifactKey: Guid(ee70069315ede964cbbfe13d8a66ca43) Importer(815301076,1909f56bfc062723c751e8b465ee728b)
Start importing Assets/MapAssets/kitchen_LRK_12.asset using Guid(ee70069315ede964cbbfe13d8a66ca43) Importer(815301076,1909f56bfc062723c751e8b465ee728b) (PreviewImporter) -> (artifact id: 'b393d0efba4de26ea8be7f25f277f481') in 0.0058766 seconds
Number of updated asset objects reloaded before import = 0Number of asset objects unloaded after import = 3

========================================================================
Received Import Request.
  Time since last request: 0.000022 seconds.
  path: Assets/MapAssets/livingroom_LRK_39.asset
  artifactKey: Guid(0d7511086e8fd0b4992dc07131f0b5e6) Importer(815301076,1909f56bfc062723c751e8b465ee728b)
Start importing Assets/MapAssets/livingroom_LRK_39.asset using Guid(0d7511086e8fd0b4992dc07131f0b5e6) Importer(815301076,1909f56bfc062723c751e8b465ee728b) (PreviewImporter) -> (artifact id: '650a213b4d51aba1fbb87ea33137d5c4') in 0.0057957 seconds
Number of updated asset objects reloaded before import = 0Number of asset objects unloaded after import = 3

========================================================================
Received Import Request.
  Time since last request: 0.000030 seconds.
  path: Assets/MapAssets/kitchen_LRK_11.asset
  artifactKey: Guid(f69928d6450773545b66cea1397cb52d) Importer(815301076,1909f56bfc062723c751e8b465ee728b)
Start importing Assets/MapAssets/kitchen_LRK_11.asset using Guid(f69928d6450773545b66cea1397cb52d) Importer(815301076,1909f56bfc062723c751e8b465ee728b) (PreviewImporter) -> (artifact id: 'b1217db02074f16ac51c37f478bb45e3') in 0.0056149 seconds
Number of updated asset objects reloaded before import = 0Number of asset objects unloaded after import = 3

Editor requested this worker to shutdown with reason: Scaling down because of idle timeout
AssetImportWorker is now disconnected from the server
Process exiting
Exiting without the bug reporter. Application will terminate with return code 0